Traceback (most recent call last):
  File "/home/cpns/.conda/envs/DIPP/bin/tensorboard", line 5, in <module>
    from tensorboard.main import run_main
  File "/home/cpns/.conda/envs/DIPP/lib/python3.8/site-packages/tensorboard/__init__.py", line 18, in <module>
    from tensorboard import lazy as _lazy
  File "/home/cpns/.conda/envs/DIPP/lib/python3.8/site-packages/tensorboard/lazy.py", line 19, in <module>
    import threading
  File "<frozen importlib._bootstrap>", line 991, in _find_and_load
  File "<frozen importlib._bootstrap>", line 975, in _find_and_load_unlocked
  File "<frozen importlib._bootstrap>", line 671, in _load_unlocked
  File "<frozen importlib._bootstrap_external>", line 779, in exec_module
  File "<frozen importlib._bootstrap_external>", line 874, in get_code
  File "<frozen importlib._bootstrap_external>", line 973, in get_data
KeyboardInterrupt
Traceback (most recent call last):
  File "/home/cpns/.conda/envs/DIPP/bin/tensorboard", line 5, in <module>
    from tensorboard.main import run_main
  File "/home/cpns/.conda/envs/DIPP/lib/python3.8/site-packages/tensorboard/main.py", line 26, in <module>
    from absl import app
  File "/home/cpns/.conda/envs/DIPP/lib/python3.8/site-packages/absl/app.py", line 35, in <module>
    import pdb
  File "/home/cpns/.conda/envs/DIPP/lib/python3.8/pdb.py", line 74, in <module>
    import bdb
  File "/home/cpns/.conda/envs/DIPP/lib/python3.8/bdb.py", line 6, in <module>
    from inspect import CO_GENERATOR, CO_COROUTINE, CO_ASYNC_GENERATOR
  File "/home/cpns/.conda/envs/DIPP/lib/python3.8/inspect.py", line 35, in <module>
    import dis
  File "/home/cpns/.conda/envs/DIPP/lib/python3.8/dis.py", line 8, in <module>
    from opcode import *
  File "/home/cpns/.conda/envs/DIPP/lib/python3.8/opcode.py", line 19, in <module>
KeyboardInterrupt
