[INFO 09-22 19:40:49] ------------- NO_1 -------------
[INFO 09-22 19:40:49] Batch size: 128
[INFO 09-22 19:40:49] Learning rate: 0.0002
[INFO 09-22 19:40:49] Use integrated planning module: False
[INFO 09-22 19:40:49] Use device: cuda
[INFO 09-22 19:41:02] Dataset Prepared: 105966 train data, 26471 validation data

[INFO 09-22 19:41:02] Epoch 1/20
[INFO 09-22 20:23:01] 
plannerADE: 2.0912, plannerFDE: 5.4165, predictorADE: 2.7089, predictorFDE: 4.4295
[INFO 09-22 20:30:53] 
val-plannerADE: 1.4753, val-plannerFDE: 3.7805, val-predictorADE: 1.3310, val-predictorFDE: 2.5914
[INFO 09-22 20:30:53] Model saved in training_log/NO_1

[INFO 09-22 20:30:53] Epoch 2/20
[INFO 09-22 21:19:09] 
plannerADE: 1.3650, plannerFDE: 3.5304, predictorADE: 1.2611, predictorFDE: 2.4832
[INFO 09-22 21:26:47] 
val-plannerADE: 1.1514, val-plannerFDE: 3.0083, val-predictorADE: 1.0567, val-predictorFDE: 2.1431
[INFO 09-22 21:26:47] Model saved in training_log/NO_1

[INFO 09-22 21:26:47] Epoch 3/20
[INFO 09-22 22:13:53] 
plannerADE: 1.2107, plannerFDE: 3.1098, predictorADE: 1.0744, predictorFDE: 2.1882
[INFO 09-22 22:21:34] 
val-plannerADE: 1.2414, val-plannerFDE: 3.1315, val-predictorADE: 0.9544, val-predictorFDE: 2.0624
[INFO 09-22 22:21:34] Model saved in training_log/NO_1

[INFO 09-22 22:21:34] Epoch 4/20
[INFO 09-22 23:08:25] 
plannerADE: 1.1263, plannerFDE: 2.8826, predictorADE: 0.9902, predictorFDE: 2.0431
[INFO 09-22 23:16:09] 
val-plannerADE: 0.9435, val-plannerFDE: 2.5007, val-predictorADE: 0.8538, val-predictorFDE: 1.8588
[INFO 09-22 23:16:10] Model saved in training_log/NO_1

[INFO 09-22 23:16:10] Epoch 5/20
[INFO 09-23 00:02:53] 
plannerADE: 0.9859, plannerFDE: 2.5205, predictorADE: 0.8774, predictorFDE: 1.8485
[INFO 09-23 00:10:35] 
val-plannerADE: 0.9213, val-plannerFDE: 2.3626, val-predictorADE: 0.7931, val-predictorFDE: 1.7585
[INFO 09-23 00:10:35] Model saved in training_log/NO_1

[INFO 09-23 00:10:35] Epoch 6/20
[INFO 09-23 00:57:23] 
plannerADE: 0.9508, plannerFDE: 2.4375, predictorADE: 0.8456, predictorFDE: 1.7882
[INFO 09-23 01:05:09] 
val-plannerADE: 0.8886, val-plannerFDE: 2.2901, val-predictorADE: 0.7737, val-predictorFDE: 1.7095
[INFO 09-23 01:05:09] Model saved in training_log/NO_1

[INFO 09-23 01:05:09] Epoch 7/20
[INFO 09-23 01:50:59] 
plannerADE: 0.9323, plannerFDE: 2.3893, predictorADE: 0.8277, predictorFDE: 1.7527
[INFO 09-23 01:58:48] 
val-plannerADE: 0.9168, val-plannerFDE: 2.3427, val-predictorADE: 0.7678, val-predictorFDE: 1.6985
[INFO 09-23 01:58:48] Model saved in training_log/NO_1

[INFO 09-23 01:58:48] Epoch 8/20
[INFO 09-23 02:45:15] 
plannerADE: 0.9147, plannerFDE: 2.3463, predictorADE: 0.8098, predictorFDE: 1.7198
[INFO 09-23 02:52:58] 
val-plannerADE: 0.8539, val-plannerFDE: 2.2540, val-predictorADE: 0.7491, val-predictorFDE: 1.6429
[INFO 09-23 02:52:58] Model saved in training_log/NO_1

[INFO 09-23 02:52:58] Epoch 9/20
[INFO 09-23 03:38:30] 
plannerADE: 0.8622, plannerFDE: 2.2110, predictorADE: 0.7667, predictorFDE: 1.6356
[INFO 09-23 03:46:12] 
val-plannerADE: 0.8268, val-plannerFDE: 2.1128, val-predictorADE: 0.7102, val-predictorFDE: 1.5854
[INFO 09-23 03:46:12] Model saved in training_log/NO_1

[INFO 09-23 03:46:12] Epoch 10/20
[INFO 09-23 04:31:52] 
plannerADE: 0.8519, plannerFDE: 2.1869, predictorADE: 0.7544, predictorFDE: 1.6096
[INFO 09-23 04:39:34] 
val-plannerADE: 0.8167, val-plannerFDE: 2.1471, val-predictorADE: 0.7048, val-predictorFDE: 1.5808
[INFO 09-23 04:39:34] Model saved in training_log/NO_1

[INFO 09-23 04:39:34] Epoch 11/20
[INFO 09-23 05:25:14] 
plannerADE: 0.8398, plannerFDE: 2.1542, predictorADE: 0.7470, predictorFDE: 1.5947
[INFO 09-23 05:32:59] 
val-plannerADE: 0.8091, val-plannerFDE: 2.1352, val-predictorADE: 0.7105, val-predictorFDE: 1.5685
[INFO 09-23 05:32:59] Model saved in training_log/NO_1

[INFO 09-23 05:32:59] Epoch 12/20
[INFO 09-23 06:18:59] 
plannerADE: 0.8333, plannerFDE: 2.1354, predictorADE: 0.7405, predictorFDE: 1.5811
[INFO 09-23 06:26:46] 
val-plannerADE: 0.8050, val-plannerFDE: 2.0878, val-predictorADE: 0.6938, val-predictorFDE: 1.5489
[INFO 09-23 06:26:46] Model saved in training_log/NO_1

[INFO 09-23 06:26:46] Epoch 13/20
[INFO 09-23 07:12:02] 
plannerADE: 0.8102, plannerFDE: 2.0700, predictorADE: 0.7194, predictorFDE: 1.5385
[INFO 09-23 07:19:42] 
val-plannerADE: 0.7824, val-plannerFDE: 2.0431, val-predictorADE: 0.6795, val-predictorFDE: 1.5301
[INFO 09-23 07:19:42] Model saved in training_log/NO_1

[INFO 09-23 07:19:42] Epoch 14/20
[INFO 09-23 08:04:45] 
plannerADE: 0.8017, plannerFDE: 2.0540, predictorADE: 0.7145, predictorFDE: 1.5276
[INFO 09-23 08:12:36] 
val-plannerADE: 0.7921, val-plannerFDE: 2.0434, val-predictorADE: 0.6816, val-predictorFDE: 1.5359
[INFO 09-23 08:12:36] Model saved in training_log/NO_1

[INFO 09-23 08:12:36] Epoch 15/20
[INFO 09-23 08:59:06] 
plannerADE: 0.7998, plannerFDE: 2.0506, predictorADE: 0.7104, predictorFDE: 1.5189
[INFO 09-23 09:06:47] 
val-plannerADE: 0.7761, val-plannerFDE: 2.0157, val-predictorADE: 0.6684, val-predictorFDE: 1.5084
[INFO 09-23 09:06:47] Model saved in training_log/NO_1

[INFO 09-23 09:06:47] Epoch 16/20
